  名称                   值                        建议值               描述                                                                                          
  cache_size             0B                        1KB ~ 256KB          下载缓存, 如果硬盘占用高或下载速度慢, 请尝试调大此值                                          
  max_download_parallel  0                         1 ~ 20               最大下载并发量，即同时下载文件最大数量                                                        
  max_upload_parallel    0                         1 ~ 20               最大上传并发量，即同时上传文件最大数量                                                        
  max_download_rate      不限制                                         限制单个文件最大下载速度, 0代表不限制                                                         
  max_upload_rate        不限制                                         限制单个文件最大上传速度, 0代表不限制                                                         
  transfer_url_type      1                         1-默认，2-阿里云ECS  上传下载URL类别。除非在阿里云ECS（暂只支持经典网络）服务器中使用，不然请设置1                 
  savedir                /home/zhangxin/Downloads                       下载文件的储存目录                                                                            
  proxy                                                                 设置代理, 支持 http/socks5 代理，例如: http://127.0.0.1:8888 或者 socks5://127.0.0.1:8889     
  local_addrs                                                           设置本地网卡地址, 多个地址用逗号隔开，例如: 127.0.0.1,192.168.100.126                         
  file_record_config     开启                      1-开启，2-禁用       设置是否开启上传、下载、同步文件的结果记录，开启后会把结果记录到CSV文件方便后期查看           
  device_id              IjfLo1JWzBJpLQOMdpWdPKER                       客户端ID，用于标识登录客户端，阿里单个账号最多允许10个客户端同时在线。修改后需要重启应用生效  

保存配置成功!

启动同步备份进程
备份配置文件：(使用命令行配置)
链接类型：默认链接
下载并发：2
上传并发：2
下载分片大小：1.00MB
上传分片大小：10.00MB

启动同步任务
任务: sync(63d4e4e225acf3cea761ce0492973be9)
同步模式: 双向备份
优先选项: 时间优先
本地目录: /home/zhangxin/sync
云盘目录: /备份盘/sync

本命令不会退出，程序正在以非交互的方式运行。如需退出请借助运行环境提供的方式。
