-='cd -'
...=../..
....=../../..
.....=../../../..
......=../../../../..
1='cd -1'
2='cd -2'
3='cd -3'
4='cd -4'
5='cd -5'
6='cd -6'
7='cd -7'
8='cd -8'
9='cd -9'
_='sudo '
ail.sh='bash /home/zhangxin/configure/bin/ail.sh'
ailearnmap.sh='bash /home/zhangxin/configure/bin/ailearnmap.sh'
aistudio.sh='bash /home/zhangxin/configure/bin/aistudio.sh'
aliyundrive.sh='bash /home/zhangxin/configure/bin/aliyundrive.sh'
apt_install.sh='bash /home/zhangxin/configure/bin/apt_install.sh'
aria2c.sh='bash /home/zhangxin/configure/bin/aria2c.sh'
bilibili.sh='bash /home/zhangxin/configure/bin/bilibili.sh'
chat.sh='bash /home/zhangxin/configure/bin/chat.sh'
colab.sh='bash /home/zhangxin/configure/bin/colab.sh'
conda_init.sh='bash /home/zhangxin/configure/bin/conda_init.sh'
conservative.sh='bash /home/zhangxin/configure/bin/conservative.sh'
cp_bashrc.sh='bash /home/zhangxin/configure/bin/cp_bashrc.sh'
deadcells='pushd /home/zhangxin/Game/Dead\ Cells2 && wine deadcells.exe  && popd'
dwarf='pushd /home/zhangxin/Game/Dwarf\ Fortress && wine Dwarf\ Fortress.exe && popd'
egrep='grep -E --color=auto --exclude-dir={.bzr,CVS,.git,.hg,.svn,.idea,.tox}'
fgrep='grep -F --color=auto --exclude-dir={.bzr,CVS,.git,.hg,.svn,.idea,.tox}'
g=git
ga='git add'
gaa='git add --all'
gam='git am'
gama='git am --abort'
gamc='git am --continue'
gams='git am --skip'
gamscp='git am --show-current-patch'
gap='git apply'
gapa='git add --patch'
gapt='git apply --3way'
gau='git add --update'
gav='git add --verbose'
gb='git branch'
gbD='git branch --delete --force'
gba='git branch --all'
gbd='git branch --delete'
gbg='LANG=C git branch -vv | grep ": gone\]"'
gbgD='LANG=C git branch --no-color -vv | grep ": gone\]" | awk '\''{print $1}'\'' | xargs git branch -D'
gbgd='LANG=C git branch --no-color -vv | grep ": gone\]" | awk '\''{print $1}'\'' | xargs git branch -d'
gbl='git blame -w'
gbm='git branch --move'
gbnm='git branch --no-merged'
gbr='git branch --remote'
gbs='git bisect'
gbsb='git bisect bad'
gbsg='git bisect good'
gbsn='git bisect new'
gbso='git bisect old'
gbsr='git bisect reset'
gbss='git bisect start'
gc='git commit --verbose'
'gc!'='git commit --verbose --amend'
gca='git commit --verbose --all'
'gca!'='git commit --verbose --all --amend'
gcam='git commit --all --message'
'gcan!'='git commit --verbose --all --no-edit --amend'
'gcans!'='git commit --verbose --all --signoff --no-edit --amend'
gcas='git commit --all --signoff'
gcasm='git commit --all --signoff --message'
gcb='git checkout -b'
gcd='git checkout $(git_develop_branch)'
gcf='git config --list'
gcl='git clone --recurse-submodules'
gclean='git clean --interactive -d'
gcm='git checkout $(git_main_branch)'
gcmsg='git commit --message'
'gcn!'='git commit --verbose --no-edit --amend'
gco='git checkout'
gcomm.sh='bash /home/zhangxin/configure/bin/gcomm.sh'
gcor='git checkout --recurse-submodules'
gcount='git shortlog --summary --numbered'
gcp='git cherry-pick'
gcpa='git cherry-pick --abort'
gcpc='git cherry-pick --continue'
gcs='git commit --gpg-sign'
gcsm='git commit --signoff --message'
gcss='git commit --gpg-sign --signoff'
gcssm='git commit --gpg-sign --signoff --message'
gd='git diff'
gdca='git diff --cached'
gdct='git describe --tags $(git rev-list --tags --max-count=1)'
gdcw='git diff --cached --word-diff'
gds='git diff --staged'
gdt='git diff-tree --no-commit-id --name-only -r'
gdup='git diff @{upstream}'
gdw='git diff --word-diff'
gf='git fetch'
gfa='git fetch --all --prune --jobs=10'
gfg='git ls-files | grep'
gfo='git fetch origin'
gg='git gui citool'
gga='git gui citool --amend'
ggpull='git pull origin "$(git_current_branch)"'
ggpur=ggu
ggpush='git push origin "$(git_current_branch)"'
ggsup='git branch --set-upstream-to=origin/$(git_current_branch)'
ghh='git help'
gignore='git update-index --assume-unchanged'
gignored='git ls-files -v | grep "^[[:lower:]]"'
git-svn-dcommit-push='git svn dcommit && git push github $(git_main_branch):svntrunk'
git_init.sh='bash /home/zhangxin/configure/bin/git_init.sh'
gitee.sh='bash /home/zhangxin/configure/bin/gitee.sh'
github.sh='bash /home/zhangxin/configure/bin/github.sh'
gk='\gitk --all --branches &!'
gke='\gitk --all $(git log --walk-reflogs --pretty=%h) &!'
gl='git pull'
glg='git log --stat'
glgg='git log --graph'
glgga='git log --graph --decorate --all'
glgm='git log --graph --max-count=10'
glgp='git log --stat --patch'
glo='git log --oneline --decorate'
globurl='noglob urlglobber '
glod='git log --graph --pretty="%Cred%h%Creset -%C(auto)%d%Creset %s %Cgreen(%ad) %C(bold blue)<%an>%Creset"'
glods='git log --graph --pretty="%Cred%h%Creset -%C(auto)%d%Creset %s %Cgreen(%ad) %C(bold blue)<%an>%Creset" --date=short'
glog='git log --oneline --decorate --graph'
gloga='git log --oneline --decorate --graph --all'
glol='git log --graph --pretty="%Cred%h%Creset -%C(auto)%d%Creset %s %Cgreen(%ar) %C(bold blue)<%an>%Creset"'
glola='git log --graph --pretty="%Cred%h%Creset -%C(auto)%d%Creset %s %Cgreen(%ar) %C(bold blue)<%an>%Creset" --all'
glols='git log --graph --pretty="%Cred%h%Creset -%C(auto)%d%Creset %s %Cgreen(%ar) %C(bold blue)<%an>%Creset" --stat'
glp=_git_log_prettily
gluc='git pull upstream $(git_current_branch)'
glum='git pull upstream $(git_main_branch)'
gm='git merge'
gma='git merge --abort'
gmom='git merge origin/$(git_main_branch)'
gms='git merge --squash'
gmtl='git mergetool --no-prompt'
gmtlvim='git mergetool --no-prompt --tool=vimdiff'
gmum='git merge upstream/$(git_main_branch)'
gp='git push'
gpd='git push --dry-run'
gpf='git push --force-with-lease --force-if-includes'
'gpf!'='git push --force'
gpoat='git push origin --all && git push origin --tags'
gpod='git push origin --delete'
gpr='git pull --rebase'
gpra='git pull --rebase --autostash'
gprav='git pull --rebase --autostash -v'
gpristine='git reset --hard && git clean --force -dfx'
gprom='git pull --rebase origin $(git_main_branch)'
gpromi='git pull --rebase=interactive origin $(git_main_branch)'
gprv='git pull --rebase -v'
gpsup='git push --set-upstream origin $(git_current_branch)'
gpsupf='git push --set-upstream origin $(git_current_branch) --force-with-lease --force-if-includes'
gpu='git push upstream'
gpull.sh='bash /home/zhangxin/configure/bin/gpull.sh'
gpush.sh='bash /home/zhangxin/configure/bin/gpush.sh'
gpv='git push --verbose'
gr='git remote'
gra='git remote add'
grb='git rebase'
grba='git rebase --abort'
grbc='git rebase --continue'
grbd='git rebase $(git_develop_branch)'
grbi='git rebase --interactive'
grbm='git rebase $(git_main_branch)'
grbo='git rebase --onto'
grbom='git rebase origin/$(git_main_branch)'
grbs='git rebase --skip'
grep='grep --color=auto --exclude-dir={.bzr,CVS,.git,.hg,.svn,.idea,.tox}'
grev='git revert'
grh='git reset'
grhh='git reset --hard'
grhk='git reset --keep'
grhs='git reset --soft'
grm='git rm'
grmc='git rm --cached'
grmv='git remote rename'
groh='git reset origin/$(git_current_branch) --hard'
grrm='git remote remove'
grs='git restore'
grset='git remote set-url'
grss='git restore --source'
grst='git restore --staged'
grt='cd "$(git rev-parse --show-toplevel || echo .)"'
gru='git reset --'
grup='git remote update'
grv='git remote --verbose'
gsb='git status --short --branch'
gsd='git svn dcommit'
gsh='git show'
gsi='git submodule init'
gsps='git show --pretty=short --show-signature'
gsr='git svn rebase'
gss='git status --short'
gst='git status'
gsta='git stash push'
gstaa='git stash apply'
gstall='git stash --all'
gstc='git stash clear'
gstd='git stash drop'
gstl='git stash list'
gstp='git stash pop'
gsts='git stash show --patch'
gstu='gsta --include-untracked'
gsu='git submodule update'
gsw='git switch'
gswc='git switch --create'
gswd='git switch $(git_develop_branch)'
gswm='git switch $(git_main_branch)'
gta='git tag --annotate'
gtl='gtl(){ git tag --sort=-v:refname -n --list "${1}*" }; noglob gtl'
gts='git tag --sign'
gtv='git tag | sort -V'
gunignore='git update-index --no-assume-unchanged'
gunwip='git rev-list --max-count=1 --format="%s" HEAD | grep -q "\--wip--" && git reset HEAD~1'
gup=$'\n    print -Pu2 "%F{yellow}[oh-my-zsh] \'%F{red}gup%F{yellow}\' is a deprecated alias, using \'%F{green}gpr%F{yellow}\' instead.%f"\n    gpr'
gupa=$'\n    print -Pu2 "%F{yellow}[oh-my-zsh] \'%F{red}gupa%F{yellow}\' is a deprecated alias, using \'%F{green}gpra%F{yellow}\' instead.%f"\n    gpra'
gupav=$'\n    print -Pu2 "%F{yellow}[oh-my-zsh] \'%F{red}gupav%F{yellow}\' is a deprecated alias, using \'%F{green}gprav%F{yellow}\' instead.%f"\n    gprav'
gupom=$'\n    print -Pu2 "%F{yellow}[oh-my-zsh] \'%F{red}gupom%F{yellow}\' is a deprecated alias, using \'%F{green}gprom%F{yellow}\' instead.%f"\n    gprom'
gupomi=$'\n    print -Pu2 "%F{yellow}[oh-my-zsh] \'%F{red}gupomi%F{yellow}\' is a deprecated alias, using \'%F{green}gpromi%F{yellow}\' instead.%f"\n    gpromi'
gupv=$'\n    print -Pu2 "%F{yellow}[oh-my-zsh] \'%F{red}gupv%F{yellow}\' is a deprecated alias, using \'%F{green}gprv%F{yellow}\' instead.%f"\n    gprv'
gwch='git whatchanged -p --abbrev-commit --pretty=medium'
gwip='git add -A; git rm $(git ls-files --deleted) 2> /dev/null; git commit --no-verify --no-gpg-sign --message "--wip-- [skip ci]"'
gwt='git worktree'
gwta='git worktree add'
gwtls='git worktree list'
gwtmv='git worktree move'
gwtrm='git worktree remove'
history=omz_history
home.sh='bash /home/zhangxin/configure/bin/home.sh'
ipy.sh='bash /home/zhangxin/configure/bin/ipy.sh'
julab.sh='bash /home/zhangxin/configure/bin/julab.sh'
l='ls -lah'
la='ls -lAh'
ll='ls -lh'
ls='ls --color=tty'
lsa='ls -lah'
md='mkdir -p'
noita='pushd /home/zhangxin/Game/Noita\ v20230311 && wine noita.exe && popd'
off.sh='bash /home/zhangxin/configure/bin/off.sh'
ohmyzsh='mate ~/.oh-my-zsh'
ondemand.sh='bash /home/zhangxin/configure/bin/ondemand.sh'
oriwotw='pushd /home/zhangxin/Game/Ori\ and\ the\ Will\ of\ the\ Wisps && wine oriwotw.exe && popd'
performance.sh='bash /home/zhangxin/configure/bin/performance.sh'
phyl.sh='bash /home/zhangxin/configure/bin/phyl.sh'
pip_install.sh='bash /home/zhangxin/configure/bin/pip_install.sh'
powersave.sh='bash /home/zhangxin/configure/bin/powersave.sh'
rain='pushd /home/zhangxin/Game/Rain\ World\ v1.9.07b && wine RainWorld.exe && popd'
rd=rmdir
rebt.sh='bash /home/zhangxin/configure/bin/rebt.sh'
slogin.sh='bash /home/zhangxin/configure/bin/slogin.sh'
space='pushd /home/zhangxin/Package && wine SpaceSniffer.exe  && popd'
ssqueue.sh='bash /home/zhangxin/configure/bin/ssqueue.sh'
stop.sh='bash /home/zhangxin/configure/bin/stop.sh'
submit_cpu.sh='bash /home/zhangxin/configure/bin/submit_cpu.sh'
swap.sh='bash /home/zhangxin/configure/bin/swap.sh'
sync.sh='bash /home/zhangxin/configure/bin/sync.sh'
translate.sh='bash /home/zhangxin/configure/bin/translate.sh'
up.sh='bash /home/zhangxin/configure/bin/up.sh'
web.sh='bash /home/zhangxin/configure/bin/web.sh'
webdav.sh='bash /home/zhangxin/configure/bin/webdav.sh'
which-command=whence
work0.sh='bash /home/zhangxin/configure/tmp/work0.sh'
work1.sh='bash /home/zhangxin/configure/tmp/work1.sh'
work2.sh='bash /home/zhangxin/configure/tmp/work2.sh'
work3.sh='bash /home/zhangxin/configure/tmp/work3.sh'
work4.sh='bash /home/zhangxin/configure/tmp/work4.sh'
work5.sh='bash /home/zhangxin/configure/tmp/work5.sh'
work6.sh='bash /home/zhangxin/configure/tmp/work6.sh'
work7.sh='bash /home/zhangxin/configure/tmp/work7.sh'
work8.sh='bash /home/zhangxin/configure/tmp/work8.sh'
work9.sh='bash /home/zhangxin/configure/tmp/work9.sh'
youtubelearn.sh='bash /home/zhangxin/configure/bin/youtubelearn.sh'
zshconfig='mate ~/.zshrc'
